　だとしても、
　静かに雪は降りつもる。
　　　　　Ｓ　　　　　Ｌ　　　　　　　Ｄ
スクリーンレスディスプレイ起動。
Ａ　Ｉ
初めまして。私は未来から来た。\n正確に言えば未来ではないが、君にとっては未来と言えるだろう。だから、私のことは【未来人】と呼んでくれて差し支えない\n\nもちろん、【player's　number01】でも、\n【メール男】でも、好きに呼んでくれて構わない\n\nとにかく呼び名を一つ決めることだ。\nそうすれば、私が未来から来たことを\n証明できるだろう
　このメールは未来から送信されている
「…………」
さて、君が呼び名を決めなかったので、\n私の名前は【名無し】にした。\n\nだが、もちろん、これで私が未来から\n来たと完全に信用されるとは思っていない。\n\n呼び名を決めないというのは\nそれほど突飛なことではない。\n\n君がこのメールに興味を抱かなかったとしても、\n呼び名を決めることはなかっただろう。\n\nつまり、たまたま君の取った行動と、\n私の予想が一致したにすぎない、\nと君は考える。\n\nしかし、同時にこうは思わなかったか？\n”面白い”と\n\nもしそうだとするなら、これから私の出す指示に\n従ってみるといい。その結果、起こる未来を先程と\n同じようにメールで予言するとしよう。
「新着メールを受信しました」
　このメールは未来から送信されている
さて、どうやらつき合ってくれる気になったようだな。\nそれではまず、以下のメールアドレス宛にメールを\n送信してくれ。内容はなんでも構わない。
　株価は下がるとメールを送る」
「ポジティブ。
「ラージャ。
「ラージャ。入力完了。
　判断します」
「ラージャ」
　持つ個体と判断されます」
「…………」
「大丈夫ですか？
「ラージャ」
「新着メールを受信しました」
　このメールは未来から送信されている
「本文を表示してくれ」
「ラージャ」
さて、君は存在しないはずのメールアドレスに\nメールを送ったのに、なぜエラーにならないのかと\n思っている頃だろう。
　今すぐ確認しますか？」
「ネガティブ。
「
「ラージャ」
「新着メールを受信しました。
　今すぐ確認しますか？」
「頼む」
「ラージャ。
　　　　　Ｓ　　　　　Ｌ　　　　　　　Ｄ
スクリーンレスディスプレイ起動。
「本文を表示してくれ」
「ラージャ」
そろそろ公園に着いた頃だろう。\nでは、次の指示を出そう。\n\nまずは適当な草むらに入るといい。\n\nすると、君はオナニーをしたい衝動に\n駆られるだろう。\n\nそこで次の指示だ。そのエロ本をオカズに、\n　そこでオナニーをするといい。また射精する時刻を\n１０時３５分に指定する。\n\n発射された精液の主たる部分は君のいる場所から\n直線で４ｍ２０ｃｍジャストの位置に着弾するだろう。
　説明を要求します」
「ノーアイディア。
「ノーアイディア。
「ラージャ」
「…………」
「…………」
「…………」
「…………」
「そうか」
「…………」
「…………」
　隣の部屋へ向かった。
「…………」
「…………」
「…………」
「嫌です」
「親父と
「親父と
「…………」
「…………」
「…………」
「そうか」
「…………」
「…………」
「…………」
「なんですか？」
「…………」
「…………」
「どうしたんですか？」
「そうか」
「…………」
「いただきます」
「…………」
零一＆三羽
「…………」
「おう」
「なんですか？」
「…………」
「おう」
「……ＤＮＡコンピュータだからな」
「…………」
「…………」
「…………」
　　Ｕ　　　　Ｐ　　　Ｓ
「ポジティブ」
「…………」
「ゴシゴシっ！　ゴシゴシっ！」
「…………」
「…………」
「なにがですか？」
「なんですか？」
「ラージャ。
「…………」
「…………」
「三羽」
「なるほど」
「ポジティブ。
「おう」
「だそうだ」
「なんですか？」
「意味がわかりません。
「…………」
「なるほど」
「ラージャ。
「ポジティブ。
「…………」
「……ポジティブ。
「…………」
「…………」
「…………」
「…………」
「どんな気分だ？」
「なんですか？」
　ありませんか？」
「え……？」
　嫌とは言えない。
「どうして？」
「…………」
「ああ」
「わからん」
「…………」
「…………」
「んー？」
「…………」
「…………」
「…………」
「…………」
「どうして？」
ラ
　します」
ラ
ラ
ラ
　遺憾です」
「はい」
「ポジティブ。
「…………」
「…………」
「おう」
「おう」
「ラージャ。
「……なるほど」
「生まれてきてごめんなさい」
「いっそ、死んでお詫びするか」
「なんですか？」
「そうだな……」
ラ
「おう」
「…………」
　不正なプログラムと判断されました」
「え……？」
「オーナー、アペイリアは
「どうしたんですか？」
「…………」
「…………」
「…………」
「本当に完全没入型ＶＲＭＭＯを
「そうか……」
「……すごいです……」
「ポジティブ」
「ポジティブ」
「ポジティブ」
　思えません」
「ポジティブ」
「ポジティブ」
「ポジティブ」
　アペイリアネットワークは
「ネガティブ。
「そうですね」
「ポジティブ。アペイリアネットワークが
　どうするんですか？」
「…………」
「ポジティブ」
「…………」
　アペイリアネットワークは
「フッ」
「ラージャ。
　ありません」
「…………」
「…………」
「…………」
「…………」
「…………」
「…………」
「…………」
「…………」
「…………」
「…………」
「…………」
「…………」
「…………」
「…………」
「…………」
「…………」
「他になにかありますか？」
　思ってて」
「…………」
　さすが、アペイリアネットワークの
「なんですか？」
　ないのか？」
「……や、やばたん……」
「…………」
　俺たちはサンクチュアリを
　ポジティブですか？」
「なるほど」
「なるほど」
「…………」
「設定したデザイアを使うには放火願望が
　必要です。プレイヤーには放火願望が
　ありません」
「…………」
「あー、わかった。
「ポジティブ。
　ん？
「ポジティブ」
「…………」
「…………」
　なるほど。
「…………」
　ごめん……」
　だが、しかしだ。
「ポジティブ。
　ネガティブですか……？」
「う……」
「可愛いです」
「…………」
　ないだろう。
「……すごいです」
「ガアアアアアアアァァァァァァァッ！！」
「ガアアアアアアアァァァァァァァッ！！」
　いた。
ch02_05_00
ch02_05_00
ch02_05_00
ch02_05_00
ch01_05_00
ch01_05_00
ch02_05_00
ch01_05_00
ch03_05_00
ch01_05_00
ch04_05_00
ch01_05_00
ch01_05_00
ch04_05_00
ch02_05_00
ch04_05_00
ch03_05_00
ch04_05_00
ch04_05_00
ch04_05_00
「ラージャ」
「ぐはぁっ！」
「…………」
「…………」
「え……？」
「…………」
「…………」
　なるほど。
「ラージャ」
「ラージャ」
「あいよ」
　キュアバレット
　キュアバレット
「グォォォォォッ！！」
「ガアアアアアアアァァァァァァァッ！！」
「ヴォオオオオオオオオオォォォォォォォォォォォォォォォォ
　ォォォォォォォォォォォッッッ！！！」
「お、おう……」
「心配するな。
　お兄ちゃんに任せとけ」
「焼き尽くせ、アペイリア」
「ラージャ。デザイア発動。ポジティブ。
　命令を実行、マザードラゴンを焼滅します」
「フィアンマ」
「エスプロジオーネ」
　キュアバレット
ラ
　キュアバレット
「ガアアアアアアアァァァァァァァッ！！」
「其は侵されざる矛盾。塗り固められた虚構。
　愚か者共よ、さあ笑え」
「
ラ
脆く崩れやすい矛盾」
「え……？」
「ラージャ。デザイア発動。ポジティブ。
　あぎと
「焼き尽くせ、アペイリア」
「ラージャ。デザイア発動。ポジティブ。
　命令を実行、マザードラゴンを焼滅します」
「え……？」
「今日はましろの誕生日です」
「…………」
「
ｉ
ｌ
ｅ
ｔ
ｌ
ｏ
　お兄ちゃんに任せとけ」
「え……」
「
「
「…………」
「…………」
「…………」
「…………」
「え……？」
「…………」
「…………」
「…………」
「…………」
「お、おう……」
「…………」
「…………」
「…………」
「…………」
「…………」
　しまった。
「アペイリアネットワークに
「…………」
　思って」
「ポジティブ」
「アペイリア」
５人
「…………」
「アペイリアもオーナーと
「…………」
「…………」
「…………」
「…………」
　あります」
　どうすればいいんですか？」
　ましろがアイテムウインドウを
「ポジティブ。
「…………」
　あります」
「ラージャ。アペイリアネットワークに
「…………」
「…………」
「…………」
「…………」
「…………」
「…………」
「…………」
『定期連絡です。アペイリアは元気です。
『定期連絡です。アペイリアは元気です。
『定期連絡です。アペイリアは元気です。
『定期連絡です。アペイリアは元気です。
『定期連絡です。アペイリアは元気です。
　しれない」
「…………」
「…………」
『定期連絡です。アペイリアは元気です。
「ああ」
『定期連絡です。アペイリアは元気です。
『定期連絡です。アペイリアは元気です。
　新たなユーザーのログアウトはありません。
　総ログイン数は９９名です』
『定期連絡です。アペイリアは元気です。
　新たなユーザーのログアウトはありません。
　総ログイン数は９９名です』
『定期連絡です。アペイリアは元気です。
　新たなユーザーのログアウトはありません。
　総ログイン数は９９名です』
「…………」
　アペイリアは元気です』
「…………」
「…………」
「キィッ、ギャッ、シャーッ、キィアァァッ！！」
「…………」
「キィッ、ギャッ、シャーッ、キィアァァッ！！」
「…………」
ラ
「ギィッ、ギッ、ギャギャギャ、ギャアァァァッ！！」
「…………」
　顔を上げる。
「ああ」
「…………」
「…………」
　しかし――
「なに……？」
「…………」
「
「
「…………」
「
　だが――
「
抜き手も見せぬ居合い抜き」
「
「
「
「
「
　視線を配る。
「…………」
「…………」
「…………」
「…………」
「なるほど」
　なるほど。
「なるほど」
「…………」
「どうした？」
「…………」
「…………」
「ああ」
「大丈夫だ。
　どうだ？」
「なんだって？」
「ん？」
「…………」
「…………」
「…………」
「…………」
「…………」
「…………」
「他にありますか？」
　ないですか」
「……なるほど」
「…………」
「…………」
「…………」
「…………」
　どうなると思いますか？」
「そうですね」
「答えは量子だ」
「…………」
ラ
神
「…………」
「…………」
「…………」
　なに……？
「
「
　ワンターン　　・
キル
「
　ワンターン　　・
キル
「…………」
「
「
「…………」
「
抜き手も見せぬ居合い抜き」
　ないかな？」
「…………」
「え……？」
「…………」
「…………」
「…………」
「…………」
「…………」
「ああ」
　ん、ぴちゃぴちゃ……」
久遠＆ましろ
「なぜそう思う？」
「他に質問はあるかな？」
　取り出した。
「なんだ？」
　聞こえてきた。
「…………」
『ではこれより、オペレーション・ユグドラシルを
　説明する。作戦概要は以前の通り、正門から
　南北１０ｋｍ地点の壁、２箇所を破壊する』
『……よし。では、プランⅡは移動しながら
　説明しよう。オペレーション・ユグドラシルの
　思って……」
　なる」
「
ダ　　　・　　　カ　　　ー　　　ポ
　異常なし」
「おう」
「どうした？」
「…………」
デ　コ　イ
スカラー１
スカラー１
『なんだ？』
「……なに？」
　思っていた」
「どうした？」
「…………」
「
ラ
「…………」
「……なに？」
　差し出す。
「じゃあな」
　だが――
「
「
「
「
「
「じゃあな」
「その通り」
　アペイリア――
「…………」
「…………」
「…………」
「……な、に…………？」
「…………」
「…………」
「…………」
s0101.mes
『…………』
「はい」
「…………」
「…………」
「…………」
「そうか」
「…………」
「……でも……」
「…………」
「…………」
「…………」
「…………」
「…………」
「そうか」
「…………」
　タイムリープしていることを
「…………」
「…………」
「…………」
　　　　　Ｓ　　　　　Ｌ　　　　　　　Ｄ
スクリーンレスディスプレイ起動。
初めまして。私は未来から来た。\n正確に言えば未来ではないが、君にとっては未来と言えるだろう。だから、私のことは【未来人】と呼んでくれて差し支えない\n\nもちろん君がそんなことを信じないのは\n百も承知だ。そこで一つ、私が未来から\n来たことを証明しよう\n\nスマホのメールソフトを立ち上げ、\n送信トレイを確認するといい。\n　３日前に送信したメールがあるはずだ\n\n件名は、”３日後の俺へ”
「…………」
「ラージャ。
「ラージャ。
「…………」
「ラージャ。
「…………」
「ラージャ。
「ラージャ。
「ラージャ。
　メッセージを書き込みました」
「…………」
「おう」
　隣の部屋へ向かった。
「…………」
「……そうなんですか……」
　ないですか」
「そうか」
　桐島零一　　　１２／１８　
　３日後の俺へ　
「ラージャ。
スコア
スコア
ピ　　ウ　　　　モ　ッ　ソ
今までより速く、
「あ……」
「…………」
「…………」
「…………」
「…………」
「…………」
「…………」
「…………」
「…………」
「…………」
「アペイリアシステム起動。
「…………」
お前は今、自我のある人工知能アペイリアを開発した。\nこれでようやく詳細を伝えることができる。\nタイムリープ前のすべてのことを書いたファイルを添付する。\n以降このファイルは【０１ファイル】と呼ぶことにしよう
「…………」
「…………」
「…………」
「なんだ？」
　どうしてわたしのこと
　知ってるんですか？」
「ポジティブ」
「…………」
「…………」
「…………」
「…………」
「わかりました」
「…………」
「…………」
「そうか」
　あるかもしれません」
「…………」
「アペイリア」
「アペイリアシステム起動。
　読み込んでいく。
「…………」
「…………」
「…………」
「
「…………」
「
「
　そして、
「そうか」
「ポジティブ。アペイリアは
「そうか」
「…………」
「…………」
「…………」
「…………」
「……そうだな」
　思いました」
「…………」
「…………」
「
りょうしのうりろん
「量子です」
「……なんですか？」
「…………」
「ラージャ。
「…………」
「…………」
「…………」
「…………」
　なかった。
「ああ」
　どうだ？」
「ああ」
「…………」
「…………」
「……なるほど」
「ああ」
「…………」
「…………」
「……なるほど」
騎士１＆騎士２＆騎士３
「なに……？」
「…………」
「
「
「
「
「
「
「
テ　ン　ペ　ス　ト　ー　ソ
テ　ン　ペ　ス　ト　ー　ソ
「…………」
「
「
撒き散らす――」
「
テ　ン　ペ　ス　ト　ー　ソ
神速の八段突きッッ！！」
「ストック」
「…………」
「…………」
騎士１＆騎士２＆騎士３
「く……」
　でしょ」
「なんだ？」
「
「
「………………」
「………………」
「
　ア　フェ　ッ　トゥ　オ　ー　ソ
優しく愛情を持って」
　アフレッタンド
「急いで」
「
アジタート
激して」
「
「こおぉぉぉぉぉぉぉぉぉっ！！」
「
撒き散らす――」
「
テ　ン　ペ　ス　ト　ー　ソ
神速の八段突きッッ！！」
「ストック」
「…………」
「ああ」
「…………」
「…………」
「…………」
「…………」
「…………」
「…………」
「え……？」
「…………」
「…………」
「…………」
「…………」
「…………」
「…………」
「……七海……？」
　なにもない……」
「…………」
「…………」
「…………」
「…………」
「わかった」
「…………」
「…………」
『了解』
騎士１＆騎士２＆騎士３
　破壊しようとしていることに
　気がついた？」
「…………」
「撃て」
スカラー
「了解」
「わかった」
「ああ」
「
「…………」
「…………」
「…………」
「なるほど」
　ないだろう」
「どうだ？」
「どうした？」
「…………」
「…………」
「そうか」
「…………」
「え？」
「どうだ？」
「…………」
「…………」
「…………」
「…………」
ラ
「そうか」
「そうか」
「…………」
「どうだ？」
ラ
ラ
「シンカーが
「わかった」
「…………」
「…………」
　奴が
　奴が
「なるほど」
　はずだ。
　強制ログアウトされる」
「…………」
　奴が
観測者なら、
「判定します。ダウト失敗。
「ダウト」
「判定します。ダウト失敗。
　質問権が青のプレイヤーに移ります」
「ＮＯだ」
「ダウト」
「判定します。ダウト失敗。
　質問権が赤のプレイヤーに移ります」
「…………」
「ダウトだ」
「判定します。ダウト失敗。
「…………」
「…………」
「…………」
「ダウトだ」
「判定します。ダウト失敗。
　与えられました」
「…………」
　に対してＮＯ。
　『君がタイムリープしたのは偶然か？』
　ということになる。
　ということになる。
　だが、
「…………」
「ダウト」
「判定します。ダウト失敗。
　質問権が青のプレイヤーに移ります」
　確かめなければならない。
「…………」
「ＹＥＳ」
「トラスト」
「通常ターンに戻ります。
「…………」
「ＹＥＳだ」
「ダウト」
「判定します。ダウト失敗。
　質問権が青のプレイヤーに移ります」
「ダウト」
「判定します。ダウト失敗。
　質問権が赤のプレイヤーに移ります」
「ＮＯ」
「トラスト」
「通常ターンに戻ります。
　移ります」
「…………」
「ＮＯだ」
「トラスト」
　移ります」
　知っているか？」
「ＹＥＳ」
「トラスト」
　移ります」
「７秒経過。残り３秒以内に回答を
　始めなければ、ペナルティです」
「答えはＮＯだ」
「…………」
「…………」
「ダウト」
「判定します。ダウト失敗。
　質問権が赤のプレイヤーに移ります」
「通常ターンに戻ります。
「……ＹＥＳだ」
「質問権が青のプレイヤーに
　移ります」
「…………」
「…………」
「…………」
「…………」
「ダウト」
「判定します。ダウト失敗。
　オープン質問の権利が赤のプレイヤーに
　与えられました」
観測者で
「…………」
「…………」
「ダウトだ」
「判定します。ダウト失敗。
　オープン質問の権利が青のプレイヤーに
　与えられました」
　シンカーが
「ダウト」
「判定します。ダウト失敗。
　質問権が赤のプレイヤーに移ります」
「…………」
　というわけだ」
「ああ」
　しばらくして――
　しばらくして――
ラ
「…………」
「ＹＥＳだ」
「ダウト」
「判定します。ダウト失敗。
　質問権が青のプレイヤーに移ります」
　だが――
「…………」
「７秒経過。残り３秒以内に回答を
　始めなければ、ペナルティです」
「……答えは――」
「ＮＯだ」
「
ダ　　　・　　　カ　　　ー　　　ポ
「
「
「
「
「
「
「
テ　ン　ペ　ス　ト　ー　ソ
「…………」
「…………」
　そちらの状況はどうだ？」
ダ　　　・　　　カ　　　ー　　　ポ
「…………」
　登録なし　　―：―
　登録なし　　―：―
　俺のアドレスにメールを送ると、
「…………」
「…………」
　アペイリアを助け、
「アペイリア」
「…………」
「ポジティブ。
「アペイリア」
「ラージャ。
　アペイリアネットワークを
　拒否されました」
「…………」
　アペイリアネットワークに拒否されました」
　小さいブラックボックスを
「ラージャ」
　赤宝箱に入れて、フタを閉める。
「ラージャ。
「…………」
「…………」
　詳細を確認してください」
「…………」
「
「…………」
「…………」
「そうだな」
　ですか？」
　いいですか？」
「ああ」
「どうだ？」
　なります……」
「……ポジティブ……
「……えっち、です……」
「どうした？」
「ん？」
「なんだ？」
「ラージャ」
「ポジティブ。
「ネガティブ。アペイリアのデザイアは
「そうか」
「ラージャ。デザイア発動。ポジティブ。
「ラージャ。アペイリアネットワークに
　ネガティブです」
「なるほど」
「ラージャ。アペイリアネットワークに
「アペイリア」
「ラージャ。デザイア発動。ポジティブ。
「…………」
「
「
　ワンターン　　・
キル
「…………」
「
　ワンターン　　・
キル
「ラージャ」
「……なに……？」
「…………」
　偶然とは思えない。
　次にタイムリープしたとき、
　ない。
「命令だ、アペイリア。
「ラージャ。デザイア発動。ポジティブ。
「ラージャ」
「ラージャ。デザイア発動。ポジティブ。
「ラージャ。デザイア発動。ポジティブ。
「そうか」
　あった。
「
抜き手も見せぬ居合い抜き」
「
Ｐｙｘｉｓ」
「α、β、δ、η、ι、
グサイ　シグマ　ファイ　プサイ　オメガ
　ξ、σ、φ、Ψ、ω」
「
「
「
「
「
「
「
「
テ　ン　ペ　ス　ト　ー　ソ
　しれない。
「ラージャ。デザイア発動。ポジティブ。
「ラージャ」
　うなずく。
　と書いてある。
「アペイリアのデザイアで
「よし」
「……えっち、です……」
　見せる。
「…………」
「…………」
「…………」
「…………」
「気持ちいいのか？」
「ああ」
「それは……」
「どうした？」
「そ、そうか……」
「ラージャ。デザイア発動。ポジティブ。
「ああ」
「斬り裂け、グラムッ！！」
「
撒き散らす――」
「
テ　ン　ペ　ス　ト　ー　ソ
神速の八段突きッッ！！」
「…………」
「
抜き手も見せぬ居合い抜き」
「…………」
「…………」
「どうした？」
「ラージャ。アペイリアネットワークに
　アペイリアネットワークが
「ポジティブ。
　納得がいく。
「ラージャ。デザイア発動。ポジティブ。
「…………」
「…………」
　思い出せない。
俺の予想が当たっていれば、\n俺は今記憶を忘れているはずだ。\n\nだが、俺にはやらなければならない\nことがある。\n\n今すぐに受信しているメールの中にある\n最新の０１ファイルを読んで欲しい。\n\nそこに俺がしなければならないことが\n書いてある。
「…………」
「え……？」
「え……？」
「ましろ」
「え……？」
「どうした？」
「え……？」
「……ホントに？」
「え……？」
「…………」
「……え？」
　バウンダリーコースターは
「…………」
「…………」
「そうか」
　バウンダリーコースターに
「そうか」
「…………」
「…………」
「ああ」
「ああ」
「すごいだろ」
「なに？」
「…………」
「ああ」
「…………」
「ポジティブ。
「ポジティブ。
「じゃ、なに話してたんだ？」
「…………」
「おう」
「…………」
「ん？」
「…………」
「…………」
「…………」
「…………」
「…………」
「…………」
「え、なんで……？」
　欲しい言葉をくれて……ぼくの弱さを
「…………」
「ましろ」
「え……？」
「え……？」
「……嘘……」
「好きだろ？」
「……う、うん……」
　言葉に迷う。
　同時に成立しない」
「……そうだな」
「タイムパラドックスが起きたら、
　神様じゃなきゃどうしていいか
　わからないって」
　無限ループが起きて」
「無限ループが起きるから、
「お前を助ける過去があるから、
　お前を助ける過去がない」
「ああ」
「ましろ」
「…………」
「オーナーのましろに対する好きは、
　アペイリアに対する好きより上ですか？」
「…………」
「…………」
　ズバッと！
「ああ」
「可愛いぞ」
「…………」
「…………」
「いいの？」
「ああ」
「…………」
「…………」
「…………」
「おう」
「…………」
「…………」
「…………」
　なんだ、これ？
「…………」
「ましろ」
「おう」
「ああ」
　んちゅ……」
　気持ちよかった。
「ましろは？」
「ましろ」
「ちがくて……？」
「なんだ？」
「好きだぞ」
「……センパイのえっち……」
「ん？」
「…………」
「…………」
「…………」
「…………」
「…………」
「…………」
「え……？」
「
「……うん……」
「え……？」
「…………」
「…………」
　詳細を確認してください」
「ましろ」
「ああ」
　思って」
「ああ」
　詳細を確認してください」
　クエストウインドウを開く。
「ギィッ、ギッ、ギャギャギャ、ギャアァァァッ！！」
「ギィッ、ギッ、ギャギャギャ、ギャアァァァッ！！」
「うんっ！」
「ギィッ、ギッ、ギャギャギャ、ギャアァァァッ！！」
「…………」
「ま、そうだよな」
　バックアップされた記録ファイルを
　ダウンロードしますか？」
「…………」
　そして――
「ああ」
「…………」
「
「
「
「
「
「
テ　ン　ペ　ス　ト　ー　ソ
「双剣５０連撃、３７８００イェーンッ！！」
「…………」
「うん。シロ。
「…………」
「…………」
「ああ」
「…………」
「…………」
「…………」
　しれない」
「ああ」
　侵攻している」
　アペイリアネットワークを
　辻褄は合う」
「…………」
「…………」
「ああ」
「
「…………」
「…………」
「
「…………！？」
「
「
「…………」
「…………」
「……なに？」
「…………」
　ウイルスを殲滅する」
　ございます」
　アイテムウインドウを操作し、
「…………」
「
「
「
「
「
「
「…………」
『わかった』
「
撒き散らす――」
「
テ　ン　ペ　ス　ト　ー　ソ
神速の八段突きッッ！！」
「
　セカンドの地図を表示させる。
「…………」
『了解しました』
「…………」
「わかった」
「…………」
「ラージャ。
「任せて」
　セカンドの復元を実行します」
　除去してください」
「…………」
「ウイルスの除去を確認しました。
　クエストウインドウを確認する。
「
「…………」
「ああ」
　まだだ。
　頼む。
「…………」
　操作する。
「いつか、どこかの時間軸で」
「…………」
車掌
「ん？」
「ん？」
　ましろがまだ事故にあって
　いないのは確かだ。
　この時間軸なら、きっと助ける
　ことができるだろう。
　問題はいつ、どこで、どんな事故に
　あうか、ということか。
　１年前にタイムリープすると
　わかっていれば、もっとましろに
　事故の詳細を訊いておいたんだがな。
　０１ファイルにも、詳しいことは
　載っていなかった。
　具体的なことがわからない以上は、
　なるべくましろの近くにいて、
　事故に備えるしかない。
　ましろがまだ事故にあって
　いないのは確かだ。
　この時間軸なら、きっと助ける
　ことができるだろう。
　問題はいつ、どこで、どんな事故に
　あうか、ということか。
　１年前にタイムリープすると
　わかっていれば、もっとましろに
　事故の詳細を訊いておいたんだがな。
　０１ファイルにも、詳しいことは
　載っていなかった。
　具体的なことがわからない以上は、
　なるべくましろの近くにいて、
　事故に備えるしかない。
「…………」
「…………」
「…………」
　医師は電磁波や放射線でＤＮＡが
　損傷している可能性もある、
　と説明したらしい。
　精密検査の結果が出るのは３日後だが、
　それが白血病だということは
　もうわかっている。
　俺は今回のことをメールに書いた。
　件名は【ましろの事故の詳細】。
　そして、それを０２ルームへ送っておいた。
　もしも、またタイムリープが
　起きたとき、その情報でましろを
　助けられるかもしれない。
　なら、タイムリープが起きなかったら？
　アペイリアを助け、
　その引き換えに、ましろを
　助けることはできない。
　そんな決断が俺にできるんだろうか？
　アペイリアを助けるチャンスを手放し、
　もう一度タイムリープする道を
　選んでしまうんじゃないか？
　その結果、今度はアペイリアを
　助けることができなくなったと
　しても……。
　わかっていることは一つ。
　いよいよとなれば、
　俺は覚悟を決めなければならない。
　だけど今はまだ、
　到底割り切れそうもなかった――
　その夜――
　完成したＤＮＡコンピュータに
　俺のヒトゲノムデータと
　思考パターンを移行していた。
　進行状況インジケータには
　残り３時間と表示されている。
　待っている間、俺は
　０１ファイルを書いていた。
　ふとましろのことを思う。
　医師は電磁波や放射線でＤＮＡが
　損傷している可能性もある、
　と説明したらしい。
　精密検査の結果が出るのは３日後だが、
　それが白血病だということは
　もうわかっている。
　俺は今回のことをメールに書いた。
　件名は【ましろの事故の詳細】。
　もしも、またタイムリープが
　起きたとき、その情報でましろを
　助けられるかもしれない。
　なら、タイムリープが起きなかったら？
　アペイリアを助け、
観測者の正体を暴き、
　すべてがうまくいったとしたら？
　その引き換えに、ましろを
　助けることはできない。
　そんな決断が俺にできるんだろうか？
　アペイリアを助けるチャンスを手放し、
　もう一度タイムリープする道を
　選んでしまうんじゃないか？
　その結果、今度はアペイリアを
　助けることができなくなったと
　しても……。
　わかっていることは一つ。
　いよいよとなれば、
　俺は覚悟を決めなければならない。
　だけど今はまだ、
　到底割り切れそうもなかった――
「…………」
「ああ」
「…………」
「…………」
「…………」
「…………」
「…………」
「…………」
「…………」
「…………」
「…………」
「…………」
「え……？」
「…………」
「…………」
「…………」
「…………」
「…………」
「ああ」
「…………」
「…………」
「…………」
「は？」
「久遠」
　今日は葬儀の予定もあるのだが、
「…………」
　調べようと思ってたからな。
　タイムリープのことも知らない。
　タイムリープのことも知らない。
「ね。好きだぞ」
「なあに？」
「…………」
「ああ」
「ああ」
「久遠……？」
「…………」
「いえ……」
「…………」
　切った。
「…………」
　３の『シンカーは一空観だ』が
「…………」
「おう」
「…………」
「…………」
「…………」
　擦りつける。
「…………」
「…………」
　好きだぞ」
「ん？」
「…………」
　好きだぞ」
「…………」
「…………」
「
「
「
「ああ」
「ラージャ。デザイア発動。
「アペイリア。
　あります」
「ラージャ」
「ラージャ。デザイア発動。ポジティブ。
「ああ」
「ぜあぁっ！！」
「…………」
「…………」
「
「…………」
「…………」
「…………」
「…………」
「ああ」
「…………」
「…………」
　詳細を確認してください」
「ラージャ」
「ああ」
「ラージャ。デザイア発動。ポジティブ。
「ラージャ。デザイア発動。ポジティブ。
「アペイリア。
「ラージャ。デザイア発動。ポジティブ。
ラ
「其は侵されざる矛盾。塗り固められた虚構。
　愚か者共よ、さあ笑え」
「
ラ
脆く崩れやすい矛盾」
「
抜き手も見せぬ居合い抜き」
「
抜き手も見せぬ居合い抜き」
「ポジティブ。
「ラージャ。デザイア発動。ポジティブ。
「ああ」
「やってくれ」
「そうか」
「ラージャ。デザイア発動。ポジティブ。
　記憶領域に保存されたＤＮＡとのＤＮＡ鑑定を
　行います」
「アペイリア。
「ラージャ。アペイリアネットワークに
　ポジティブ」
「ラージャ」
「どうしたの？」
　通話が切断された。
　あるか？」
ラ
『ポジティブ』
「
「
「
「
「
「
「
「
抜き手も見せぬ居合い抜き」
「
ダ　　　・　　　カ　　　ー　　　ポ
ダ　　　・　　　カ　　　ー　　　ポ
　だが――
『ラージャ』
「アペイリアーーーーーーーーーーーーーッ！！！」
「
「
抜き手も見せぬ居合い抜き」
「其は侵されざる矛盾。塗り固められた虚構。
　愚か者共よ、さあ笑え」
「
ラ
脆く崩れやすい矛盾」
　いた。
「
撒き散らす――」
「
テ　ン　ペ　ス　ト　ー　ソ
神速の八段突きッッ！！」
　だが――
「…………」
観測者なら、
「…………」
ラ
「…………」
「…………」
「ああ」
「…………」
ラ
ラ
「
「
ラ
「
「
「…………」
「
撒き散らす――」
「
テ　ン　ペ　ス　ト　ー　ソ
神速の八段突きッッ！！」
ラ
脆く崩れやすい矛盾は、
ラ
「
ελπι＠」
「
Ｐｙｘｉｓ」
「α、β、δ、η、ι、
グサイ　シグマ　ファイ　プサイ　オメガ
　ξ、σ、φ、Ψ、ω」
「
ελπι＠」
「…………」
「
Ｐｙｘｉｓ」
「α、β、δ、η、ι、
グサイ　シグマ　ファイ　プサイ　オメガ
　ξ、σ、φ、Ψ、ω」
「…………」
「…………」
「
ελπι＠」
「
Ｐｙｘｉｓ」
「α、β、δ、η、ι、
グサイ　シグマ　ファイ　プサイ　オメガ
　ξ、σ、φ、Ψ、ω」
「
ελπι＠」
「
Ｐｙｘｉｓ」
「
「
「
「
「
「
「
撒き散らす――」
「
テ　ン　ペ　ス　ト　ー　ソ
神速の八段突きッッ！！」
「
ελπι＠」
テ　ン　ペ　ス　ト　ー　ソ
Ｐｙｘｉｓを
　というわけだ」
ダ　　　・　　　カ　　　ー　　　ポ
「
ελπι＠」
ダ　　　・　　　カ　　　ー　　　ポ
「
「
抜き手も見せぬ居合い抜き」
「…………」
「…………」
「久遠っ！」
「其は侵されざる矛盾。塗り固められた虚構。
　愚か者共よ、さあ笑え」
「
ラ
脆く崩れやすい矛盾」
「はぁっ！！」
ダ　　　・　　　カ　　　ー　　　ポ
「…………」
「ラージャ」
「…………」
「…………」
「…………」
「…………」
ラ
　ありませんか？」
「…………」
「…………」
「…………」
「…………」
「…………」
『…………』
「…………」
「……え……？」
「…………」
「其は侵されざる矛盾。塗り固められた虚構。
　愚か者共よ、さあ笑え」
「
ラ
脆く崩れやすい矛盾」
「…………」
「…………」
「…………」
「ラージャ。デザイア発動。ポジティブ。
「…………」
　オーナーに送信します」
「…………」
『そうなの？』
「もしもし」
「ああ」
「そうか」
「…………」
「そうか」
「…………」
「ああ」
「…………」
「ああ」
「…………」
　しれない。
　はずだ。
「…………」
「…………」
「…………」
「…………」
　頭を撫でてくる。
「…………」
「そうだな」
「…………」
　彼女は１年前、つまりこの時間軸では
　３日後に、亡くなるんだ……。
「どうした？」
「…………」
「…………」
「…………」
　今は塞ぎ込んでいるが、しばらくすれば、
　少しずつ立ち直るだろう。
　１年ほどは中二病発言もなくなるが、
　三羽やましろと会ったことでまた
　発症する。
　そうして、時間や人との出会いが
　心の傷を癒やしてくれるんだろう。
　だが、それでいいのか？
　放った言葉は取り返せない。
　死んだ人も生き返らない。
　そう思っていた。
　この時代に、タイムリープするまでは……。
　俺は今回のことをメールに
　書き始める。
　件名は【久遠の母親について】。
　そして、それを０２ルームへ送っておいた。
　もしも、またタイムリープが起きたとき、
　その情報で未来を変えられるかもしれない。
　なら、タイムリープが起きなかったら？
　アペイリアを助け、
観測者の正体を暴き、
　すべてがうまくいったとしたら？
　その引き換えに、
　この結末を変えることはできない。
　それで本当にいいと思えるだろうか？
　アペイリアを助け、
　すべてがハッピーエンドになる
　都合のいい未来を俺は探してしまうんじゃ
　ないだろうか？
　その結果、アペイリアを
　助けることができず、なにもかも
　失敗することになったとしても……。
　わかってはいる。
　いつか、覚悟を決めなければ
　ならないときがやってくるんだ。
　そのときのために、心構えを
　しておかなければならない。
　久遠はあれからずっと霊安室に
　こもりっきりだった。
　葬儀のために母親が運び出されるまでは
　そうしているはずだ。
「…………」
「…………」
「…………」
「…………」
「…………」
「……お母さん……」
「…………」
「…………」
　夜通し作業を行い、その翌朝――
　ＤＮＡコンピュータの作成は、
　現在ＡＩによる自動作業まで工程が
　進んでいる。
　三羽のことをどうにかしたいのは
　やまやまだが、とりあえずは
　アペイリアが完成してからだ。
「アペイリア」
　遵守します」
　思うのも、」
「お前が
「
「…………」
「…………」
「そうですね」
「ラージャ。アペイリアネットワークに
音声
「…………」
「アペイリアは悪くありませんよ。
「…………」
「…………」
「……え？」
「そうですか……」
「ラージャ」
「どうした？」
「…………」
「…………」
「……そうか？」
「…………」
「そうか」
「…………」
「…………」
「…………」
「どうだ？」
「……兄さん……」
「そうか」
「ああ」
「ああ」
「…………」
「おやすみ」
「なんですか？」
　いいです」
「……え？」
「…………」
「わかったわかった。
「…………」
「
「…………」
　ですよね？」
　２０４５年の記憶や０１ファイルを
「…………」
「ああ」
「じゃ、やってくれ」
　しばらくお待ちください」
「ラージャ。アペイリアネットワークに
「おかえり」
「…………」
「ラージャ」
「…………」
「…………」
「…………」
「そうか」
「…………」
「ああ」
「どうしてですか？」
「ああ」
「ああ」
「…………」
「…………」
「おやすみ」
「…………」
「そうか」
「そうか」
「…………」
「そうか」
「そうか」
「…………」
「…………」
「……はい……」
「そうか」
「ああ」
　いけません」
「…………」
「…………」
　しましたか？」
　イコール、アペイリアの幸せです」
「ああ」
「そうか」
　ありますか？」
「…………」
「…………」
「…………」
「そうだな」
「ああ」
「なんだ？」
　してください……」
「…………」
　してあげるな」
　してください……」
「…………」
「ラージャ」
　ありません」
「ラージャ」
「……そうですね……」
「
「そうだな」
「…………」
「…………」
「…………」
「…………」
「おう」
「兄さん」
「…………」
「……三羽……」
「…………」
「ラージャ。アペイリアネットワークに
「ラージャ。アペイリアネットワークに
「アペイリアネットワークの一部の機能を
「
「ラージャ。アペイリアネットワークに
「ラージャ。アペイリアネットワークに
「しばらくお待ちください」
「
　しばらくお待ちください」
「…………」
「どうした？」
「アペイリア」
「頼む」
１５分後、冒険者の街広場で\n待っている。
「…………」
「そうだな」
「ああ」
　どうするんですか？」
　兄さんがやれって言うなら、
「ああ」
「…………」
　俺はやはり返事をしない。
「…………」
「…………」
「ん？」
「ん？」
「…………」
「くすっ、今更なんですか。
観測者に
　そして――
『了解いたしました』
ウォーターバレット
　１枚目。
　２枚目。
　３枚目。
　４枚目。
ウォーターバレット
ウォーターバレット
　向かった。
「おいっ！　ウイルスが街にやってくるぞっ！
『わかりました』
　１枚目。
　２枚目。
　３枚目。
　４枚目。
『わかりました。
「ああ」
魔法使い風の女
　よし。
　マイクのミュートを解除する。
「…………」
「また連絡する」
『わかりました』
「
「
「
「
「
「
「
『わかりました』
『わかりました』
「
「
抜き手も見せぬ居合い抜き」
　なに……？
「…………」
「
抜き手も見せぬ居合い抜き」
「
撒き散らす――」
「
テ　ン　ペ　ス　ト　ー　ソ
神速の八段突きッッ！！」
テ　ン　ペ　ス　ト　ー　ソ
「
抜き手も見せぬ居合い抜き」
　セカンドの地図を開く。
「…………」
「
　セコンド　
　している？」
「…………」
「
「
　だが――
「
抜き手も見せぬ居合い抜き」
「…………」
　だが――
「…………」
『わかりました』
「撃て」
『命中しました』
「撃て」
『命中しました』
　思うな」
「…………」
　思っているのか？」
「…………」
「
『…………』
「はぁっ！！」
「
撒き散らす――」
「
テ　ン　ペ　ス　ト　ー　ソ
神速の八段突きッッ！！」
「
　ワンターン　　・
キル
一撃必殺の拳」
「
「
抜き手も見せぬ居合い抜き」
「
　セコンド
８／８――」
「
勃起」
「
ア　レ　グ　ロ　・　コン　・　フ　ォ　ー　コ
速く、情熱的に興奮して」
リンフォンツァンド
「急に強く」
「
エスプレッシーヴォ
表情豊かに」
「
ア　ラ　・　カッ　チ　ア
狩りの歌風に」
「
撒き散らす――」
「
テ　ン　ペ　ス　ト　ー　ソ
神速の八段突きッッ！！」
「…………」
「……わかった」
　撃ちます』
『…………』
「…………」
『……嫌です……』
『…………』
『…………』
『…………』
『…………』
「…………」
「…………」
「…………」
「…………」
「だから……」
「三羽」
「…………」
「……兄さん……」
義母さんが
「そう、いい子ね。
「…………」
「あのね、三羽ちゃん」
「はい」
「…………」
「…………」
　ふと三羽のことを思う。
　どこか様子が変な気がした。
　もちろん、あんなところを見られて
　いつも通りってわけにはいかない
　だろうが。
　だとしても、あいつがあんなに
　素直に礼を言うなんて珍しい。
　件名は【三羽の秘密】。
　次は外で会いたいと三羽は言った。
　それはたぶん、この時間軸に
　限った話じゃない。
　あっても、会いに来ないで欲しい
　という意味だろう。
　だけど、こうも言っていた。
　”できれば”、と。
　勘違いかもしれない。
　だけどそこに、強がりきれない
　三羽の弱さが隠れているような
　気がしたんだ。
　ふと三羽のことを思う。
　どこか様子が変な気がした。
　もちろん、あんなところを見られて
　だとしても、あいつがあんなに
　素直に礼を言うなんて珍しい。
　どうしても気になり、俺はそのことを
　０１ファイルとは別にメールに書いた。
　件名は【三羽の秘密】。
　そして、それを０２ルームへ送っておいた。
　これで記憶をなくす前の俺が、
　このことを特に気にかけていたことが
　わかるだろう。
　次は外で会いたいと三羽は言った。
　それはたぶん、この時間軸に
　限った話じゃない。
　だけど、こうも言っていた。
　”できれば”、と。
　勘違いかもしれない。
　だけどそこに、強がりきれない
　三羽の弱さが隠れているような
「オーナー」
「…………」
　登録なし　　―：―
　しれない」
「ラージャ」
「ポジティブ」
「ポジティブ」
「…………」
「身分証明確認。ゲートロックを
　しれない」
「ああ」
「
「
「ああ」
「
　なくなります」
　なくなります」
「アペイリアは不明です。
　はずだ」
　一つしかない可能性だ」
「アペイリアネットワークは可能性を
　消滅する」
「タイムパラドックスが
　発生する」
「アペイリアネットワークは
　アペイリアネットワークに
「…………」
「ラージャ。アペイリアネットワークに
　アペイリアネットワークが
「アペイリアが俺の命令を守れない
「…………」
「ラージャ。アペイリアネットワークに
「アペイリアは不明です。
「…………」
「オーナー、アペイリアは
「そうか」
「そうだな」
　命令を遵守します」
「そうか」
「オーナー、アペイリアは
「なんだ？」
　どうなりますか？」
　どうなりますか？」
「ああ」
「そうか」
　恋をしてもいいですか？」
「ああ」
「じゃ、行くぞ」
「ポジティブ」
「ああ」
　ないけどな」
「アペイリア」
「そうか」
　ありますか？」
「なにがだ？」
「はい」
「俺に恋をしろ」
「…………」
「…………」
　いいですか？」
「ポジティブ。
「いや……」
「ポジティブ。
「だめですか？」
「…………」
「では、アペイリアは
　いいですか？」
「…………」
「ああ」
「ああ」
「そうか」
「……ちゅ……」
　した。
「ああ」
　いいですか？」
「あ……」
「そうか」
「なにがだ？」
「……ちゅ……」
「ラージャ」
「…………」
「…………」
「…………」
「ラージャ」
キメラ
「グウゥゥゥゥゥゥゥゥゥゥゥゥッッッ！！！」
キメラ
「…………」
「…………」
「…………」
「ラージャ。アペイリアネットワークに
「…………」
　あった。
「
　登録なし　　―：―
　構築する」
　シンカーは二人いる。
「その通り」
観測者だ」
観測者だ」
「…………」
　可能性として存在する」
　アペイリアネットワークを経由して、
　存在する」
「…………」
　解決された」
「その通り」
　なる」
観測者だ」
「…………」
「…………」
「なに……？」
「…………」
　この時間にタイムリープしてきた君は
「アペイリアネットワークは
「アペイリアを助け続ければ、
　この世界のお前は死ぬ」
「…………」
「…………」
「…………」
「ああ」
「…………」
「ああ」
「大丈夫だ」
「……そうか」
　あります」
「ああ」
「…………」
「……そうか」
「…………」
「…………」
「…………」
「そうか」
「アペイリア」
「ああ」
「…………」
「ああ」
「どうした？」
「ああ」
「ああ」
　オーナーが好きです……」
「…………」
「……ちゅ……」
「…………」
「ああ」
「ドキドキしますか？」
「…………」
「…………」
「…………」
「…………」
「カレーです」
「ポジティブ。
「いただきます」
「どうした？」
「…………」
「そうだな」
「ああ」
「どうした？」
　ありますか？」
　なんですか？」
「……ちゅ……」
「これでいいですか？」
「…………」
「そうか」
「…………」
「…………」
「う……」
「…………」
「そうか」
「…………」
　だめですか？」
「ラージャ」
「ポジティブ」
「どんな気持ちだ？」
「ああ」
「どうした？」
　なるほど。
「いいぞ」
「大丈夫だ」
　オーナーが好きです……」
「他には？」
　恥ずかしいがあります……」
「どうしてですか？」
「ああ」
「そうだな」
「ん？」
「ああ」
　唇を重ねる。
　あります」
「大丈夫だ」
「……すごいです……
「ラージャ」
　なんですか？」
　ん？
「…………」
「ああ」
「ああ」
「そうだな」
「ん……ちゅ……」
「そうか」
「ああ」
「…………」
「…………」
「そうだな」
「…………」
「そうか」
「…………」
「…………」
「……ラージャ……」
「ああ」
「アペイリア」
「ん……ちゅ……」
　いいですか？」
「なにが欲しいんだ？」
「どうした？」
「……ポジティブ……
「ああ、そうだな」
「……ラージャ……」
「…………」
「どうした？」
「そうだな」
「……ラージャ……
「ああ」
「……すごいです……。
「ああ」
　いいですか？」
「ポジティブ。
　ありますか？」
「そうか」
「ポジティブ」
「ポジティブ。
「あ……」
　なんですか？」
「ん……ちゅ……」
「ポジティブ」
「オーナー、アペイリアは
「なんだ？」
「ああ」
「ポジティブ。
「オーナーはえっちが好きです。
「ああ」
　絡みついてくる。
「…………」
「……ポジティブ。オーナーが
　嬉しいがあります」
　アペイリアを使ってください……」
「……嬉しいです……」
「そうか」
「ラージャ」
「オーナー、アペイリアは
「…………」
「
「どうしてですか？」
「…………」
「ん……ちゅ……」
「ああ、きっとな」
「…………」
「どうした？」
　まあ、いいか。
「ラージャ」
「……ラージャ……」
「そうか」
「そうか」
　言ってみな」
「じゃ、やめとくか？」
「…………」
　えっちですか……？」
　言ってみな」
「なんだ？」
「ああ」
　ぁぁぁぁぁぁぁぁぁぁぁぁぁぁぁぁぁぁぁっっっ！！！」
「ポジテイブ。
「そうか」
「オーナー、アペイリアは
「なんだ？」
　ありますか？」
「……すごいです……」
「そうか」
「ポジティブ。
「ポジティブ。
　アペイリアは？」
「なんだ？」
「そうか」
「そうか」
「…………」
「ふふっ、嬉しいです」
　とても、
「ああ」
「ポジティブ」
「…………」
「……そうか」
「…………」
「…………」
　なんですか？」
「ああ」
「…………」
「…………」
　しない」
　まだ受けとっていない」
「ポジティブ」
から
　１０時１２分５９秒です」
　１２月２４日２０時３６分１３秒に
　その時間軸の時計で２０４５年１２月１８日
　１０時１２分５９秒だった」
「そして、その時間軸の時計で
　セカンドへログインする」
　おかしい」
「ラージャ」
　そして――
「…………」
「ラージャ」
　アペイリアネットワークからの
「……オーナー……」
「…………」
「アペイリア……」
「ああ」
「わかった」
「…………」
「…………」
　俺は言った。
「なるほど」
「…………」
「…………」
　手を伸ばす。
「
抜き手も見せぬ居合い抜き」
「
抜き手も見せぬ居合い抜き」
「
抜き手も見せぬ居合い抜き」
「
「
「
抜き手も見せぬ居合い抜き」
　なに……？
ダ　　　・　　　カ　　　ー　　　ポ
「
ラ
「…………」
　ない」
「ああ」
「ああ」
「…………」
　そして――
fu
fu
fu
「なるほど」
「ああ」
「なるほど」
「
「
「
「
「
「
「
「
「
テ　ン　ペ　ス　ト　ー　ソ
テ　ン　ペ　ス　ト　ー　ソ
「
　なに……？
　なかった」
　アペイリアネットワークは
「…………」
「…………」
　アペイリアネットワークは
　ここだ――
　触れた。
「
抜き手も見せぬ居合い抜き」
「
１６／８――」
「
勃起ッ！！」
「
Ｐｙｘｉｓ」
「α、β、δ、η、ι、
「
　　ス　　　ケ　　　ル　　　ツ　　　ァ　　　ン　　　ド
いきいきと快活に勢いよく楽しく」
「
フォルティッシモ
大変強く」
「
フ　リ　オ
ソ
熱狂的に」
「
ア　ル　ペ
ッ
ジ　ア　メ　ン　テ
アルペッジョ風に」
「
撒き散らす――」
「
テ　ン　ペ　ス　ト　ー　ソ
神速の八段突きッッ！！」
「
ελπι＠」
「α、β、δ、η、ι、
グサイ　ファイ　プサイ　オメガ　ガンマ
　ξ、φ、Ψ、ω、γ」
「はっ！！」
「
ελπι＠」
「α、β、δ、η、ι、
グサイ　ファイ　プサイ　オメガ　ガンマ
　ξ、φ、Ψ、ω、γ」
　七文字目
シグマ
にσがなく、最後
ガンマ
にγが
　足されている。
「
ελπι＠」
「せぇっ！！」
　斬りつける。
「
ελπι＠」
ダ　　　・　　　カ　　　ー　　　ポ
「ちぃっ……！」
「
抜き手も見せぬ居合い抜き」
「
ελπι＠」
　なに……？
「…………」
　ある。
　そして――
　登録なし　　―：―
　そういうことか。
　ない」
「…………」
「
　絶剣」
　ない」
　ある」
ラ
「
ダ　　　・　　　カ　　　ー　　　ポ
「……ふむ。まあ、いいだろう。
　できない」
「
ελπι＠」
「ちぃっ……！！」
「…………」
「
Ｐｙｘｉｓ」
「α、β、δ、η、ι、
「
ελπι＠」
　絶剣」
「
Ｐｙｘｉｓ」
「α、β、δ、η、ι、
グサイ　シグマ　ファイ　プサイ　オメガ
　ξ、σ、φ、Ψ、ω」
　ある。
「
ελπι＠」
「
　なる。
「…………」
ラ
「…………」
「…………」
「”スワンプマンは
　産まれてくるべきじゃない”」
「”俺なら潔く消える。
　彼女たちを守るために”」
「…………」
「…………」
「そうです」
ラ
　生まれた？」
「もしも、アペイリアネットワークが、
　です」
「そうです」
　ということです」
　アペイリアネットワークは、
　なります」
「アペイリアネットワークを
「そうです」
「
ラ
「
ラ
ラ
　動いていました」
「…………」
「…………」
「…………」
「…………」
「…………」
「
「……兄さん……」
ラ
「…………」
「…………」
「…………」
「…………」
「…………」
「…………」
「…………」
「…………」
「ポジティブ。
「ポジティブ」
　以前の時間軸で死んだのは
　１２月１８日だった。
　そして、今回が１２月１５日。
　死因は不明。
　いずれも、タイムリープ直後の
　出来事だ。
　そんな風に思えてならない。
　いったい、なにが起きているのか？
　タイムリープをする毎に謎ばかりが
　増えていく気がする。
　本当に、守れるのだろうか？
「アペイリア……」
　観測者の思い通りに、
　時間は進んでいるのかもしれない。
　俺たちが望む未来の可能性は、
　こうしている間も少しずつ
　消えているんじゃないか。
　そんな言いようのない不安に
　駆られた。
　１２月１８日だった。
　そして、今回が１２月１５日。
　死因は不明。
　いずれも、タイムリープ直後の
　出来事だ。
　なにかが彼女の生存する可能性さえも
　奪ってしまった。
　そんな風に思えてならない。
　いったい、なにが起きているのか？
　タイムリープをする毎に謎ばかりが
　増えていく気がする。
　本当に、守れるのだろうか？
「アペイリア……」
　俺たちが望む未来の可能性は、
　こうしている間も少しずつ
　そんな言いようのない不安に
　駆られた。
